<?xml version="1.0" encoding="utf-8"?><testsuites name="pytest tests"><testsuite name="pytest" errors="0" failures="0" skipped="0" tests="21" time="5.605" timestamp="2026-05-09T17:23:55.846008+00:00" hostname="agent-env-23494268-b1ff-4e1a-ad68-201dc19d861e"><testcase classname="backend.tests.backend_test" name="test_health" time="0.330" /><testcase classname="backend.tests.backend_test" name="test_login_admin" time="0.293" /><testcase classname="backend.tests.backend_test" name="test_login_invalid" time="0.288" /><testcase classname="backend.tests.backend_test" name="test_register_and_me" time="0.343" /><testcase classname="backend.tests.backend_test" name="test_me_no_token" time="0.057" /><testcase classname="backend.tests.backend_test" name="test_patients_list" time="0.052" /><testcase classname="backend.tests.backend_test" name="test_medicines_list" time="0.061" /><testcase classname="backend.tests.backend_test" name="test_medicine_create_delete" time="0.235" /><testcase classname="backend.tests.backend_test" name="test_doses_today" time="0.051" /><testcase classname="backend.tests.backend_test" name="test_doses_list" time="0.050" /><testcase classname="backend.tests.backend_test" name="test_doses_stats" time="0.052" /><testcase classname="backend.tests.backend_test" name="test_dose_patch" time="0.051" /><testcase classname="backend.tests.backend_test" name="test_trolley" time="0.058" /><testcase classname="backend.tests.backend_test" name="test_login_patient" time="0.277" /><testcase classname="backend.tests.backend_test" name="test_patients_me_for_patient" time="0.076" /><testcase classname="backend.tests.backend_test" name="test_patients_me_forbidden_for_caregiver" time="0.089" /><testcase classname="backend.tests.backend_test" name="test_patient_list_returns_only_own" time="0.068" /><testcase classname="backend.tests.backend_test" name="test_create_patient_forbidden_for_patient" time="0.053" /><testcase classname="backend.tests.backend_test" name="test_create_patient_caregiver_ok" time="0.173" /><testcase classname="backend.tests.backend_test" name="test_register_patient_auto_creates_profile" time="0.387" /><testcase classname="backend.tests.backend_test" name="test_tts" time="2.469" /></testsuite></testsuites>