<?xml version="1.0" encoding="utf-8"?><testsuites name="pytest tests"><testsuite name="pytest" errors="0" failures="3" skipped="0" tests="21" time="3.837" timestamp="2026-05-14T20:01:12.876891+00:00" hostname="agent-env-23494268-b1ff-4e1a-ad68-201dc19d861e"><testcase classname="tests.backend_test" name="test_health" time="0.290" /><testcase classname="tests.backend_test" name="test_login_admin" time="0.378" /><testcase classname="tests.backend_test" name="test_login_invalid" time="0.270" /><testcase classname="tests.backend_test" name="test_register_and_me" time="0.325" /><testcase classname="tests.backend_test" name="test_me_no_token" time="0.108" /><testcase classname="tests.backend_test" name="test_patients_list" time="0.065" /><testcase classname="tests.backend_test" name="test_medicines_list" time="0.102" /><testcase classname="tests.backend_test" name="test_medicine_create_delete" time="0.241" /><testcase classname="tests.backend_test" name="test_doses_today" time="0.061" /><testcase classname="tests.backend_test" name="test_doses_list" time="0.059"><failure message="assert 0 &gt;= 1&#10; +  where 0 = len([])">tests/backend_test.py:128: in test_doses_list
    assert len(doses) &gt;= 1
E   assert 0 &gt;= 1
E    +  where 0 = len([])</failure></testcase><testcase classname="tests.backend_test" name="test_doses_stats" time="0.054" /><testcase classname="tests.backend_test" name="test_dose_patch" time="0.000"><failure message="KeyError: 'dose_id'">tests/backend_test.py:142: in test_dose_patch
    r = s.patch(f"{API}/doses/{state['dose_id']}", json={"status": "taken"}, headers=auth_headers())
                               ^^^^^^^^^^^^^^^^
E   KeyError: 'dose_id'</failure></testcase><testcase classname="tests.backend_test" name="test_trolley" time="0.052" /><testcase classname="tests.backend_test" name="test_login_patient" time="0.277" /><testcase classname="tests.backend_test" name="test_patients_me_for_patient" time="0.051" /><testcase classname="tests.backend_test" name="test_patients_me_forbidden_for_caregiver" time="0.099" /><testcase classname="tests.backend_test" name="test_patient_list_returns_only_own" time="0.048" /><testcase classname="tests.backend_test" name="test_create_patient_forbidden_for_patient" time="0.049" /><testcase classname="tests.backend_test" name="test_create_patient_caregiver_ok" time="0.170" /><testcase classname="tests.backend_test" name="test_register_patient_auto_creates_profile" time="0.457" /><testcase classname="tests.backend_test" name="test_tts" time="0.556"><failure message="AssertionError: {&quot;detail&quot;:&quot;TTS failed: Failed to generate speech: Error code: 400 - {'error': {'message': 'Budget has been exceeded! Current cost: 0.00126, Max budget: 0.001', 'type': 'budget_exceeded', 'param': None, 'code': '400'}}&quot;}&#10;assert 500 == 200&#10; +  where 500 = &lt;Response [500]&gt;.status_code">tests/backend_test.py:238: in test_tts
    assert r.status_code == 200, r.text
E   AssertionError: {"detail":"TTS failed: Failed to generate speech: Error code: 400 - {'error': {'message': 'Budget has been exceeded! Current cost: 0.00126, Max budget: 0.001', 'type': 'budget_exceeded', 'param': None, 'code': '400'}}"}
E   assert 500 == 200
E    +  where 500 = &lt;Response [500]&gt;.status_code</failure></testcase></testsuite></testsuites>